<?xml version="1.0" encoding="UTF-8"?>
<!-- Generated by org.testng.reporters.JUnitReportReporter -->
<testsuite hostname="DESKTOP-BQ7QMP0" failures="0" tests="1" name="POMImplementation.CreateCampaignWithStatus" time="4.808" errors="0" timestamp="2025-06-11T21:17:19 IST" skipped="0">
  <testcase classname="POMImplementation.CreateCampaignWithStatus" name="createCampaignWithStatus" time="4.808"/>
  <system-out/>
</testsuite> <!-- POMImplementation.CreateCampaignWithStatus -->
