<?xml version="1.0" encoding="UTF-8"?>
<!-- Generated by org.testng.reporters.JUnitReportReporter -->
<testsuite hostname="DESKTOP-BQ7QMP0" failures="0" tests="1" name="POMImplementation.CreateCampaignWithExpectedCloseDate" time="12.386" errors="0" timestamp="2025-06-06T19:46:19 IST" skipped="0">
  <testcase classname="POMImplementation.CreateCampaignWithExpectedCloseDate" name="campaignWithMandatoryFields" time="12.386"/>
  <system-out/>
</testsuite> <!-- POMImplementation.CreateCampaignWithExpectedCloseDate -->
