<?xml version="1.0" encoding="UTF-8"?>
<!-- Generated by org.testng.reporters.JUnitReportReporter -->
<testsuite hostname="DESKTOP-BQ7QMP0" failures="0" tests="1" name="Product.Config.Product" time="8.100" errors="0" timestamp="2025-06-16T16:09:53 IST" skipped="0">
  <testcase classname="Product.Config.Product" name="createProductWithMandatoryFields" time="8.100"/>
  <system-out/>
</testsuite> <!-- Product.Config.Product -->
