<?xml version="1.0" encoding="UTF-8"?>
<!-- Generated by org.testng.reporters.JUnitReportReporter -->
<testsuite hostname="DESKTOP-BQ7QMP0" failures="0" tests="1" name="Campaign.Config.CampaignTest" time="5.578" errors="0" timestamp="2025-06-16T15:42:49 IST" skipped="0">
  <testcase classname="Campaign.Config.CampaignTest" name="createCampaignWithStatusTest" time="5.578"/>
  <system-out/>
</testsuite> <!-- Campaign.Config.CampaignTest -->
