<?xml version="1.0" encoding="UTF-8"?>
<!-- Generated by org.testng.reporters.JUnitReportReporter -->
<testsuite hostname="DESKTOP-BQ7QMP0" failures="0" tests="1" name="POMImplementation.CreateCampaignWithMandatoryFields" time="5.395" errors="0" timestamp="2025-06-06T19:53:46 IST" skipped="0">
  <testcase classname="POMImplementation.CreateCampaignWithMandatoryFields" name="createCampaignWithMandatory" time="5.395"/>
  <system-out/>
</testsuite> <!-- POMImplementation.CreateCampaignWithMandatoryFields -->
