<?xml version="1.0" encoding="UTF-8"?>
<!-- Generated by org.testng.reporters.JUnitReportReporter -->
<testsuite hostname="DESKTOP-BQ7QMP0" failures="0" tests="3" name="Campaign.Config.CampaignTest" time="14.688" errors="0" timestamp="2025-06-18T19:49:53 IST" skipped="0">
  <testcase classname="Campaign.Config.CampaignTest" name="createCampaignWithStatusTest" time="4.621"/>
  <testcase classname="Campaign.Config.CampaignTest" name="createCampaignWithMandatoryTest" time="3.362"/>
  <testcase classname="Campaign.Config.CampaignTest" name="creatCampaignWithExpectedDateTest" time="6.705"/>
</testsuite> <!-- Campaign.Config.CampaignTest -->
