<?xml version="1.0" encoding="UTF-8"?>
<!-- Generated by org.testng.reporters.JUnitReportReporter -->
<testsuite hostname="DESKTOP-BQ7QMP0" failures="0" tests="1" name="Product.Config.ProductTest" time="5.172" errors="0" timestamp="2025-06-18T19:49:53 IST" skipped="0">
  <testcase classname="Product.Config.ProductTest" name="createProductWithMandatoryFieldsTest" time="5.172"/>
</testsuite> <!-- Product.Config.ProductTest -->
